{"level":"info","message":"Latest Tweets: ","timestamp":"2018-01-26T23:48:30.180Z"}
{"level":"info","message":"*****************************************","timestamp":"2018-01-26T23:48:30.183Z"}
{"level":"info","message":"\"I’m glad I held on to it—really takes me back to some good times\" https://t.co/zHgNZ7E4nW","timestamp":"2018-01-26T23:48:30.184Z"}
{"level":"info","message":"Completely Uninhibited Party Guest Still Choosing To Talk About Work https://t.co/wwp96sf2g5 https://t.co/WwaNYaI7YZ","timestamp":"2018-01-26T23:48:30.185Z"}
{"level":"info","message":"For more world-renowned reportage, visit https://t.co/csf5QUbhed. https://t.co/naSJM6Bklu","timestamp":"2018-01-26T23:48:30.185Z"}
{"level":"info","message":"Tesla Model S Crashes Into Fire Truck While On Autopilot  https://t.co/R0t2ZUYiVb #WhatDoYouThink? https://t.co/rUhH6Vgiys","timestamp":"2018-01-26T23:48:30.185Z"}
{"level":"info","message":"RT @TheAVClub: It’s a bird... It’s a plane... It’s Superman, the first big-budget superhero movie https://t.co/0kf1Qjchgs https://t.co/IW4J…","timestamp":"2018-01-26T23:48:30.186Z"}
{"level":"info","message":"Trump Insists He Never Thought About Firing Mueller, Feeding Him To Pack Of Rabid Dogs, Mounting Head In Oval Offic… https://t.co/mpGtQ23EFE","timestamp":"2018-01-26T23:48:30.186Z"}
{"level":"info","message":"Woman Apologizes To Therapist For Monopolizing Conversation https://t.co/QIagydDfcL https://t.co/SrRoxobnpR","timestamp":"2018-01-26T23:48:30.186Z"}
{"level":"info","message":"Logan Paul: 'I Didn’t Realize People Who Commit Suicide Kill Themselves' https://t.co/gBCaLOC5Ju https://t.co/3KlgtnS6YB","timestamp":"2018-01-26T23:48:30.187Z"}
{"level":"info","message":"'Okay, I'm Ready To Speak To You Under Oath,' Says Eric Trump From Beneath Rubber Donald Trump Mask… https://t.co/BZfUtwtEG8","timestamp":"2018-01-26T23:48:30.187Z"}
{"level":"info","message":"RT @ClickHole: Culture Shock: Everything You Need To Know About ‘John Wick’ https://t.co/vwHTQFd5pF https://t.co/VoPDajWjo4","timestamp":"2018-01-26T23:48:30.187Z"}
{"level":"info","message":"Brad Pitt Stumbles Across Old Cardboard Box With Gwyneth Paltrow’s Head In Attic https://t.co/C2YZ9q8btL https://t.co/4c66eAeo7k","timestamp":"2018-01-26T23:48:30.187Z"}
{"level":"info","message":"New AcneFree Treatment Ships Teens To Remote Island Colony For Remainder Of Puberty https://t.co/m2TRiJBCny https://t.co/T7voEFTtFg","timestamp":"2018-01-26T23:48:30.188Z"}
{"level":"info","message":"Mobile App To Revolutionize Way Users Waste Time, Money https://t.co/1TQJY5bYA2 https://t.co/8eCvr3MNVZ","timestamp":"2018-01-26T23:48:30.189Z"}
{"level":"info","message":"Coworker With Two Computer Screens Not Fucking Around https://t.co/AI4ZLQAzDh https://t.co/gpj8Z0F0Pz","timestamp":"2018-01-26T23:48:30.189Z"}
{"level":"info","message":"Freshman Emails Every Claudia On Campus To Find Missed Tinder Match https://t.co/89oWcC2pGJ #WhatDoYouThink? https://t.co/82UT4qkEdt","timestamp":"2018-01-26T23:48:30.190Z"}
{"level":"info","message":"Scientists Make Unclear Breakthrough After Giving Robot Cancer https://t.co/B2WxnWduTZ https://t.co/rmMthNfd3a","timestamp":"2018-01-26T23:48:30.190Z"}
{"level":"info","message":"Narrow Gaps In Bathroom Stall Doors To Be Widened Monday https://t.co/Z7laYCwO1S https://t.co/OXR7flYVKb","timestamp":"2018-01-26T23:48:30.190Z"}
{"level":"info","message":"UPS Reports Troubling Drop In Residents Answering Doors In Lingerie https://t.co/I3VNbk6K8I https://t.co/GKRTn6fE7K","timestamp":"2018-01-26T23:48:30.191Z"}
{"level":"info","message":"Newly Unemployed Woman Enjoys Equal Pay For First Time In Career https://t.co/iSjFFBGOUt https://t.co/TqzMqBDDa8","timestamp":"2018-01-26T23:48:30.191Z"}
{"level":"info","message":"“He’s basically on a year-and-a-half vacation where he gets to chill in bed all day while his friends and family br… https://t.co/NUYkAMkEdO","timestamp":"2018-01-26T23:48:30.192Z"}
